 PATH path8 FOUND 
SVG scale factor = 1.460324
SVG offset = 289.580660,99.347378
POLYGON  0)
Move (rel)	raw = -186.24,57.56	coord = 17.62,183.41
Horz (rel)	raw = 15.80,0.00	coord = 330.26,282.76
Line (rel)	raw = 0.07,0.41	coord = 619.95,382.70
	raw = 1.24,5.04	coord = 911.34,489.41
	raw = 1.69,4.91	coord = 1203.39,595.93
	raw = 0.17,0.38	coord = 1493.22,695.82
	raw = 4.12,8.01	coord = 1788.81,806.86
	raw = 4.49,7.80	coord = 2084.94,917.60
	raw = 5.19,7.35	coord = 2382.10,1027.68
	raw = 6.69,5.95	coord = 2681.45,1135.72
	raw = 7.14,2.80	coord = 2981.46,1239.16
	raw = 7.69,0.21	coord = 3282.27,1338.81
	raw = 7.44,-1.96	coord = 3582.71,1435.29
	raw = 6.61,-3.93	coord = 3881.95,1528.90
	raw = 7.05,-6.68	coord = 4181.82,1618.49
	raw = 5.48,-8.02	coord = 4479.41,1706.12
	raw = 4.51,-8.88	coord = 4775.58,1792.51
	raw = 2.59,-9.61	coord = 5068.94,1877.82
	raw = 0.31,-2.04	coord = 5358.97,1974.19
	raw = -1.01,-1.73	coord = 5647.07,2071.01
Horz (rel)	raw = 21.74,0.00	coord = 5968.40,2170.36
Line (rel)	raw = 2.83,4.55	coord = 6262.12,2276.35
	raw = 5.26,8.35	coord = 6559.38,2387.90
	raw = 3.43,5.02	coord = 6853.97,2494.57
	raw = 3.98,4.59	coord = 7149.37,2600.62
	raw = 3.73,3.41	coord = 7444.40,2704.94
	raw = 3.52,2.10	coord = 7739.12,2807.36
	raw = 2.00,0.53	coord = 8031.62,2907.47
	raw = 3.31,-0.07	coord = 8326.04,3006.71
	raw = 1.71,-0.30	coord = 8618.11,3105.62
	raw = 5.76,-1.48	coord = 8916.10,3202.81
	raw = 5.31,-2.61	coord = 9213.44,3298.35
	raw = 1.06,-1.06	coord = 9504.57,3396.15
	raw = 0.58,-0.96	coord = 9794.99,3494.09
	raw = 0.09,-0.26	coord = 10084.71,3593.05
	raw = -0.50,-1.73	coord = 10373.56,3689.87
	raw = -4.41,-7.13	coord = 10656.70,3778.81
	raw = -5.35,-6.48	coord = 10938.47,3868.70
	raw = -5.26,-6.46	coord = 11220.37,3958.61
Horz (rel)	raw = 23.95,0.00	coord = 11544.93,4057.96
Vert (rel)	raw = 0.00,16.71	coord = 11834.51,4181.70
Horz (rel)	raw = 9.62,0.00	coord = 12138.14,4281.05
Line (rel)	raw = 0.73,2.43	coord = 12428.79,4383.94
	raw = -0.92,8.61	coord = 12717.03,4495.87
	raw = -5.09,8.30	coord = 12999.18,4607.34
	raw = -7.92,5.72	coord = 13277.19,4715.04
	raw = -9.21,3.35	coord = 13553.32,4819.28
	raw = -9.67,1.62	coord = 13828.78,4920.99
	raw = -9.28,-0.86	coord = 14104.82,5019.08
	raw = -8.47,-3.94	coord = 14382.03,5112.67
	raw = -7.31,-5.84	coord = 14660.93,5203.49
	raw = -5.20,-5.75	coord = 14942.92,5294.44
	raw = -4.64,-6.22	coord = 15225.73,5384.70
	raw = -4.31,-6.45	coord = 15509.02,5474.63
	raw = -3.36,7.61	coord = 15793.69,5585.10
	raw = -4.17,7.20	coord = 16077.19,5694.96
	raw = -4.87,6.75	coord = 16359.66,5804.17
	raw = -5.55,6.20	coord = 16641.13,5912.58
	raw = -6.38,5.33	coord = 16921.39,6019.71
	raw = -8.63,4.42	coord = 17198.38,6125.52
	raw = -9.42,2.30	coord = 17474.20,6228.22
	raw = -9.70,0.06	coord = 17749.62,6327.65
	raw = -9.41,-2.32	coord = 18025.47,6423.60
	raw = -8.44,-4.76	coord = 18302.73,6516.00
	raw = -5.40,-4.74	coord = 18584.42,6608.42
	raw = -4.59,-5.54	coord = 18867.30,6699.68
	raw = -4.06,-5.95	coord = 19150.96,6790.34
	raw = -4.30,-7.03	coord = 19434.26,6879.42
	raw = -3.91,-7.26	coord = 19718.13,6968.17
	raw = -3.28,-7.56	coord = 20002.92,7056.47
	raw = -2.41,-8.77	coord = 20288.99,7143.01
End polygon at 17.62,183.41

 PATH path5 FOUND 
SVG scale factor = 1.460324
SVG offset = 289.580660,99.347378
POLYGON  1)
Move (rel)	raw = -186.24,57.56	coord = 17.62,183.41
	raw = -0.74,-5.40	coord = 288.50,91.47
	raw = -0.13,-9.10	coord = 289.40,86.06
	raw = 0.95,-9.05	coord = 290.97,86.13
	raw = 2.05,-8.86	coord = 292.58,86.40
	raw = 3.21,-8.51	coord = 294.26,86.92
	raw = 4.43,-7.94	coord = 296.05,87.75
	raw = 5.54,-6.25	coord = 297.67,90.21
	raw = 6.65,-5.07	coord = 299.29,91.95
	raw = 7.31,-4.08	coord = 300.25,93.39
	raw = -7.19,-4.15	coord = 279.08,93.29
	raw = -6.67,-4.94	coord = 279.83,92.14
	raw = -6.03,-5.70	coord = 280.77,91.02
	raw = -6.05,-7.34	coord = 280.75,88.63
	raw = -5.11,-8.02	coord = 282.13,87.63
	raw = -4.10,-8.58	coord = 283.59,86.82
	raw = -3.11,-7.98	coord = 285.03,87.69
	raw = -0.35,-1.36	coord = 289.07,97.36
Horz (rel)	raw = 17.15,0.00	coord = 603.70,196.71
Line (rel)	raw = 1.91,5.10	coord = 896.06,303.50
	raw = 4.14,7.88	coord = 1191.69,414.36
	raw = 5.23,7.21	coord = 1488.91,524.23
	raw = 6.28,6.31	coord = 1787.65,632.80
	raw = 7.17,5.27	coord = 2087.71,739.85
	raw = 7.85,4.20	coord = 2388.75,845.33
	raw = 0.20,0.09	coord = 2678.62,944.80
	raw = 0.43,0.17	coord = 2968.82,1044.40
	raw = 5.21,1.82	coord = 3266.01,1146.40
	raw = 5.30,1.54	coord = 3563.33,1247.99
	raw = 0.86,-0.18	coord = 3854.17,1347.07
	raw = 5.34,-0.71	coord = 4151.55,1445.38
	raw = 5.39,-0.07	coord = 4449.01,1544.62
	raw = 0.79,-2.75	coord = 4739.74,1639.96
	raw = 4.77,-5.00	coord = 5036.29,1732.00
	raw = 0.08,-0.52	coord = 5325.99,1830.59
	raw = 1.15,-7.16	coord = 5617.25,1919.49
	raw = 1.15,-7.16	coord = 5908.51,2008.38
	raw = -3.43,-7.51	coord = 6193.08,2096.77
	raw = -3.76,-7.35	coord = 6477.18,2185.38
	raw = -0.67,-1.18	coord = 6765.78,2283.00
Horz (rel)	raw = 27.93,0.00	coord = 7096.15,2382.35
Line (rel)	raw = -0.32,1.48	coord = 7385.27,2483.86
	raw = -1.38,6.88	coord = 7672.84,2593.25
	raw = -1.31,6.89	coord = 7960.51,2702.66
	raw = 1.86,4.70	coord = 8252.81,2808.86
	raw = 2.23,6.94	coord = 8545.65,2918.34
	raw = 0.48,7.26	coord = 8835.93,3028.29
	raw = -0.45,2.65	coord = 9124.85,3131.51
	raw = 7.12,-3.66	coord = 9424.82,3225.52
	raw = 7.42,-3.01	coord = 9725.24,3320.47
	raw = 6.66,-6.17	coord = 10024.54,3410.80
	raw = 7.03,-6.11	coord = 10324.39,3501.22
	raw = 7.06,-6.07	coord = 10624.28,3591.71
	raw = 6.84,-6.32	coord = 10923.86,3681.83
	raw = 5.07,-5.46	coord = 11220.84,3773.21
Horz (rel)	raw = 20.56,0.00	coord = 11540.45,3872.56
Vert (rel)	raw = 0.00,3.26	coord = 11830.03,3976.67
Line (rel)	raw = -1.29,1.82	coord = 12117.73,4078.67
	raw = -6.51,7.58	coord = 12397.81,4189.09
	raw = -6.96,7.16	coord = 12677.23,4298.89
	raw = 8.79,-0.50	coord = 12979.65,4397.51
	raw = 5.96,0.33	coord = 13277.93,4497.33
Vert (rel)	raw = 0.00,80.73	coord = 13567.51,4714.57
Line (rel)	raw = -0.84,0.07	coord = 13855.86,4814.01
	raw = -7.39,0.03	coord = 14134.64,4913.40
	raw = 3.22,4.07	coord = 14428.92,5018.70
	raw = 3.19,4.09	coord = 14723.16,5124.03
	raw = 1.83,2.44	coord = 15015.42,5226.93
Vert (rel)	raw = 0.00,1.26	coord = 15305.00,5328.11
Horz (rel)	raw = -23.95,0.00	coord = 15559.60,5427.46
Line (rel)	raw = -0.83,-1.02	coord = 15847.96,5525.31
	raw = -5.99,-7.57	coord = 16128.79,5613.61
	raw = -5.86,-7.68	coord = 16409.82,5701.75
	raw = -0.67,-0.18	coord = 16698.42,5800.83
	raw = -8.44,-3.13	coord = 16975.67,5895.61
	raw = -8.12,-3.91	coord = 17253.40,5989.26
	raw = -7.76,-4.57	coord = 17531.65,6081.93
	raw = 1.96,7.78	coord = 17824.08,6192.64
	raw = 1.31,7.92	coord = 18115.58,6303.55
	raw = 4.97,8.53	coord = 18412.41,6415.35
	raw = 2.38,3.83	coord = 18705.47,6520.28
Horz (rel)	raw = -21.74,0.00	coord = 18963.31,6619.63
Line (rel)	raw = -3.80,-6.48	coord = 19247.34,6709.51
	raw = -4.20,-8.54	coord = 19530.79,6796.40
	raw = -3.04,-7.48	coord = 19815.94,6884.82
	raw = -2.57,-7.65	coord = 20101.76,6972.99
	raw = -2.25,-7.75	coord = 20388.06,7061.02
	raw = -2.08,-7.80	coord = 20674.60,7148.97
	raw = -1.11,-4.46	coord = 20962.57,7241.80
	raw = -3.27,-4.40	coord = 21247.38,7334.73
	raw = -3.61,-0.27	coord = 21531.69,7433.67
	raw = -8.62,-1.43	coord = 21808.68,7530.93
	raw = -8.90,3.30	coord = 22085.26,7635.10
	raw = -7.30,3.31	coord = 22364.19,7739.29
	raw = -6.91,4.05	coord = 22643.68,7844.55
	raw = -5.99,5.29	coord = 22924.51,7951.62
	raw = -4.18,7.33	coord = 23207.98,8061.68
	raw = -0.28,0.65	coord = 23497.16,8161.97
	raw = -2.22,7.07	coord = 23783.49,8271.64
	raw = -1.48,7.27	coord = 24070.91,8381.60
	raw = -0.51,7.27	coord = 24359.75,8491.57
	raw = 0.31,7.28	coord = 24649.78,8601.56
	raw = 0.14,1.19	coord = 24939.57,8702.65
	raw = 0.39,2.25	coord = 25229.72,8805.27
End polygon at 17.62,183.41

 PATH path6 FOUND 
SVG scale factor = 1.460324
SVG offset = 289.580660,99.347378
POLYGON  2)
Move (rel)	raw = -16.60,74.27	coord = 265.33,207.81
Horz (rel)	raw = -9.62,0.00	coord = 540.86,307.15
Vert (abs)	raw = -9.62,56.31	coord = 275.53,181.57
Line (rel)	raw = 3.42,4.55	coord = 570.10,287.56
	raw = 4.43,7.52	coord = 866.15,397.89
End polygon at 265.33,207.81

 PATH path7 FOUND 
SVG scale factor = 1.460324
SVG offset = 289.580660,99.347378
POLYGON  3)
Move (rel)	raw = -26.23,45.60	coord = 251.28,165.94
Vert (rel)	raw = 0.00,-80.73	coord = 540.86,147.40
Line (rel)	raw = 2.83,0.16	coord = 834.58,246.98
	raw = 8.66,1.61	coord = 1136.80,348.67
	raw = 9.02,3.42	coord = 1439.55,453.02
	raw = 8.14,5.19	coord = 1741.01,559.95
	raw = 7.13,6.51	coord = 2041.00,668.80
	raw = 6.14,7.46	coord = 2339.55,779.04
	raw = 5.21,8.14	coord = 2636.73,890.27
	raw = 2.21,4.55	coord = 2929.54,996.27
	raw = 1.74,4.74	coord = 3221.66,1102.54
	raw = 0.33,8.45	coord = 3511.71,1214.23
	raw = -2.75,7.98	coord = 3797.28,1325.22
	raw = -6.44,7.34	coord = 4077.45,1435.29
	raw = -7.89,5.77	coord = 4355.51,1543.06
	raw = -8.81,4.25	coord = 4632.23,1648.61
	raw = -9.34,2.91	coord = 4908.17,1752.20
	raw = -9.63,1.74	coord = 5183.69,1854.09
End polygon at 251.28,165.94

 PATH path3 FOUND 
SVG scale factor = 1.460324
SVG offset = 289.580660,99.347378
POLYGON  4)
Move (rel)	raw = -26.23,-51.50	coord = 251.28,24.13
Vert (rel)	raw = 0.00,-3.26	coord = 540.86,118.72
Horz (rel)	raw = 2.31,0.00	coord = 833.81,218.07
End polygon at 251.28,24.13

 PATH path4 FOUND 
SVG scale factor = 1.460324
SVG offset = 289.580660,99.347378
POLYGON  5)
Move (rel)	raw = -23.92,-54.77	coord = 254.65,19.37
Horz (rel)	raw = -22.87,0.00	coord = 510.83,118.72
Line (rel)	raw = 1.27,-1.37	coord = 802.27,216.07
	raw = 5.63,-6.68	coord = 1100.07,305.66
	raw = 4.15,-7.68	coord = 1395.71,393.79
	raw = 1.63,-4.69	coord = 1687.67,486.29
	raw = 1.16,-5.09	coord = 1978.95,578.20
	raw = -0.16,-9.25	coord = 2268.30,664.04
	raw = -1.82,-7.23	coord = 2555.23,752.84
	raw = -2.51,-7.03	coord = 2841.14,841.92
	raw = -2.38,-6.42	coord = 3127.24,931.90
	raw = -2.95,-6.17	coord = 3412.52,1022.24
	raw = -3.75,-5.72	coord = 3696.62,1113.23
	raw = -2.10,-2.17	coord = 3983.13,1209.42
	raw = -0.78,-0.46	coord = 4271.57,1308.09
	raw = -2.05,-0.56	coord = 4558.16,1406.62
	raw = -1.45,-0.02	coord = 4845.62,1505.93
	raw = -0.52,0.10	coord = 5134.44,1605.43
	raw = -2.78,0.91	coord = 5419.97,1706.11
	raw = -2.31,1.03	coord = 5706.18,1806.97
	raw = -7.18,4.23	coord = 5985.28,1912.50
	raw = -6.00,5.77	coord = 6266.10,2020.27
	raw = -4.67,6.91	coord = 6548.87,2129.70
	raw = -3.85,7.40	coord = 6832.83,2239.86
	raw = -3.49,7.58	coord = 7117.31,2350.28
	raw = -3.04,7.64	coord = 7402.45,2460.79
	raw = -2.75,7.75	coord = 7688.02,2571.45
	raw = -2.42,7.86	coord = 7974.06,2682.27
	raw = -2.06,7.96	coord = 8260.64,2793.25
	raw = -1.15,5.38	coord = 8548.53,2900.44
Horz (rel)	raw = -27.93,0.00	coord = 8797.33,2999.79
Line (rel)	raw = -3.39,-6.00	coord = 9081.95,3090.38
	raw = -4.35,-7.01	coord = 9365.18,3179.48
	raw = -5.50,-7.11	coord = 9646.72,3268.45
	raw = -6.38,-6.34	coord = 9926.99,3358.53
	raw = -7.02,-5.62	coord = 10206.31,3449.67
	raw = -7.67,-4.69	coord = 10484.68,3542.17
	raw = -8.53,-2.69	coord = 10761.81,3637.59
	raw = -3.70,0.08	coord = 11045.99,3737.05
	raw = -2.27,0.59	coord = 11332.25,3837.26
	raw = -1.46,0.87	coord = 11619.70,3937.87
	raw = -3.10,3.19	coord = 11904.76,4041.87
	raw = -3.65,7.10	coord = 12189.01,4151.58
	raw = -1.79,7.79	coord = 12475.97,4262.30
	raw = 0.00,7.99	coord = 12765.56,4373.32
	raw = 2.22,8.63	coord = 13058.38,4485.27
	raw = 1.21,3.24	coord = 13349.73,4589.35
Horz (rel)	raw = -17.15,0.00	coord = 13614.26,4688.70
Line (rel)	raw = -1.78,-6.93	coord = 13901.24,4777.92
	raw = -0.88,-8.52	coord = 14189.54,4864.82
	raw = 0.56,-8.04	coord = 14479.93,4952.43
	raw = 1.80,-7.86	coord = 14772.14,5040.30
	raw = 3.09,-7.44	coord = 15066.23,5128.78
	raw = 4.42,-6.74	coord = 15362.27,5218.29
	raw = 7.03,-6.44	coord = 15662.11,5308.23
	raw = 8.94,-3.29	coord = 15964.75,5402.78
	raw = 9.55,0.03	coord = 16268.27,5502.18
	raw = 9.23,2.51	coord = 16571.34,5605.19
	raw = 8.59,4.24	coord = 16873.46,5710.72
	raw = 7.79,5.57	coord = 17174.41,5818.21
	raw = 6.53,5.44	coord = 17473.53,5925.50
	raw = 5.93,6.09	coord = 17771.77,6033.75
	raw = 5.35,6.61	coord = 18069.16,6142.75
	raw = 4.82,7.01	coord = 18365.78,6252.33
	raw = 4.36,7.30	coord = 18661.73,6362.34
	raw = 1.84,-7.64	coord = 18954.00,6450.52
	raw = 2.13,-7.57	coord = 19246.69,6538.81
	raw = 2.46,-7.47	coord = 19539.85,6627.25
	raw = 2.83,-7.33	coord = 19833.57,6715.88
	raw = 3.44,-8.44	coord = 20128.18,6802.91
	raw = 3.91,-8.23	coord = 20423.47,6890.24
	raw = 4.61,-7.86	coord = 20719.77,6978.12
	raw = 5.52,-7.24	coord = 21017.42,7066.90
	raw = 6.60,-6.26	coord = 21316.65,7157.10
	raw = 7.69,-4.87	coord = 21617.45,7249.34
	raw = 5.59,-2.61	coord = 21915.20,7344.89
	raw = 5.80,-2.08	coord = 22213.25,7441.20
	raw = 5.50,-0.62	coord = 22510.86,7539.63
	raw = 5.51,0.57	coord = 22808.48,7639.81
	raw = 8.28,3.56	coord = 23110.16,7744.36
	raw = 6.58,6.20	coord = 23409.34,7852.76
	raw = 4.97,7.58	coord = 23706.18,7963.18
	raw = 3.86,8.21	coord = 24001.40,8074.51
	raw = 3.20,8.49	coord = 24295.65,8186.26
	raw = 2.53,7.22	coord = 24588.94,8296.15
	raw = 1.82,7.43	coord = 24881.17,8406.35
	raw = 0.88,7.60	coord = 25172.03,8516.80
	raw = -0.30,7.64	coord = 25461.18,8627.30
	raw = -1.53,7.90	coord = 25748.52,8738.19
	raw = -2.64,7.61	coord = 26034.24,8848.65
	raw = -3.68,7.16	coord = 26318.45,8958.46
End polygon at 254.65,19.37

 PATH path1 FOUND 
SVG scale factor = 1.460324
SVG offset = 289.580660,99.347378
POLYGON  6)
Move (rel)	raw = -25.63,27.11	coord = 252.16,138.93
	raw = 7.99,-1.01	coord = 301.25,97.87
	raw = 9.00,-2.45	coord = 302.73,95.77
	raw = 8.44,-3.95	coord = 301.90,93.58
	raw = 6.63,-6.44	coord = 299.26,89.94
	raw = 0.06,-0.30	coord = 289.67,98.91
Vert (abs)	raw = 0.06,11.41	coord = 289.67,116.01
Line (abs)	raw = 6.22,10.48	coord = 298.67,114.66
	raw = 1.49,2.07	coord = 291.75,102.37
	raw = 0.00,-0.00	coord = 289.58,99.35
	raw = -2.22,-2.66	coord = 286.33,95.46
Line (rel)	raw = -4.14,-4.27	coord = 569.88,188.58
	raw = -4.44,-3.95	coord = 852.97,282.16
	raw = -4.82,-2.82	coord = 1135.51,377.39
	raw = -5.00,-1.64	coord = 1417.78,474.35
	raw = -6.69,-1.23	coord = 1697.59,571.90
	raw = -6.80,-0.20	coord = 1977.24,670.95
	raw = -9.27,0.74	coord = 2253.28,771.39
	raw = -9.11,1.89	coord = 2529.55,873.49
	raw = -8.95,2.56	coord = 2806.06,976.58
	raw = -8.85,2.89	coord = 3082.72,1080.15
	raw = -1.66,1.57	coord = 3369.88,1181.79
	raw = -2.22,1.90	coord = 3656.23,1283.91
	raw = 6.92,6.92	coord = 3955.92,1393.36
	raw = 6.24,7.54	coord = 4254.61,1503.72
	raw = 5.77,7.91	coord = 4552.62,1614.61
	raw = 5.56,8.06	coord = 4850.31,1725.74
	raw = 7.97,1.22	coord = 5151.53,1826.87
	raw = 8.03,0.66	coord = 5452.84,1927.18
End polygon at 252.16,138.93

 PATH path2 FOUND 
SVG scale factor = 1.000000
SVG offset = -334.619610,-400.315910
POLYGON  7)
Move (abs)	raw = 0.00,720.00	coord = -334.62,319.68
Horz (abs)	raw = 720.00,720.00	coord = 385.38,319.68
Vert (abs)	raw = 720.00,0.00	coord = 385.38,-400.32
Horz (abs)ERROR

End polygon at -334.62,319.68


Object origin:
13326.536429 4679.386362

Eagle Command:
set wire_bend 2;
change layer tNames;
set width 0.000500;
poly (R -12.974301 4.095661) (R -12.661654 3.996313) (R -12.371969 3.896370) (R -12.080578 3.789660) (R -11.788529 3.683144) (R -11.498700 3.583248) (R -11.203108 3.472209) (R -10.906976 3.361466) (R -10.609814 3.251392) (R -10.310465 3.143353) (R -10.010455 3.039914) (R -9.709652 2.940264) (R -9.409204 2.843783) (R -9.109967 2.750170) (R -8.810093 2.660585) (R -8.512509 2.572946) (R -8.216338 2.486560) (R -7.922980 2.401246) (R -7.632944 2.304885) (R -7.344842 2.208061) (R -7.023516 2.108713) (R -6.729800 2.002716) (R -6.432532 1.891175) (R -6.137945 1.784499) (R -5.842548 1.678455) (R -5.547518 1.574129) (R -5.252799 1.471715) (R -4.960293 1.371596) (R -4.665878 1.272358) (R -4.373803 1.173452) (R -4.075812 1.076259) (R -3.778472 0.980724) (R -3.487348 0.882922) (R -3.196924 0.784983) (R -2.907207 0.686022) (R -2.618354 0.589200) (R -2.335221 0.500263) (R -2.053449 0.410372) (R -1.771548 0.320460) (R -1.446989 0.221113) (R -1.157408 0.097369) (R -0.853777 -0.001978) (R -0.563128 -0.104872) (R -0.274889 -0.216798) (R 0.007260 -0.328272) (R 0.285272 -0.435969) (R 0.561408 -0.540211) (R 0.836863 -0.641918) (R 1.112899 -0.740013) (R 1.390113 -0.833603) (R 1.669018 -0.924419) (R 1.951006 -1.015366) (R 2.233818 -1.105633) (R 2.517105 -1.195559) (R 2.801776 -1.306025) (R 3.085269 -1.415892) (R 3.367740 -1.525103) (R 3.649209 -1.633505) (R 3.929475 -1.740641) (R 4.206460 -1.846448) (R 4.482285 -1.949147) (R 4.757708 -2.048576) (R 5.033550 -2.144533) (R 5.310810 -2.236933) (R 5.592506 -2.329353) (R 5.875386 -2.420608) (R 6.159043 -2.511274) (R 6.442342 -2.600350) (R 6.726218 -2.689098) (R 7.011007 -2.777404) (R 7.297070 -2.863939) (R -12.974301 4.095661);
poly (R -12.974301 4.095661) (R -12.703416 4.187604) (R -12.702522 4.193008) (R -12.700946 4.192940) (R -12.699336 4.192666) (R -12.697655 4.192153) (R -12.695864 4.191321) (R -12.694250 4.188856) (R -12.692625 4.187122) (R -12.691668 4.185678) (R -12.712836 4.185782) (R -12.712082 4.186932) (R -12.711143 4.188049) (R -12.711166 4.190440) (R -12.709791 4.191440) (R -12.708330 4.192248) (R -12.706885 4.191381) (R -12.702848 4.181711) (R -12.388216 4.082364) (R -12.095853 3.975571) (R -11.800225 3.864714) (R -11.503010 3.754843) (R -11.204265 3.646275) (R -10.904210 3.539225) (R -10.603166 3.433743) (R -10.313294 3.334270) (R -10.023093 3.234671) (R -9.725907 3.132667) (R -9.428591 3.031076) (R -9.137749 2.931996) (R -8.840364 2.833690) (R -8.542910 2.734452) (R -8.252179 2.639114) (R -7.955628 2.547069) (R -7.665928 2.448480) (R -7.374664 2.359584) (R -7.083403 2.270689) (R -6.798834 2.182303) (R -6.514738 2.093688) (R -6.226134 1.996069) (R -5.895766 1.896722) (R -5.606648 1.795212) (R -5.319079 1.685824) (R -5.031405 1.576414) (R -4.739108 1.470209) (R -4.446269 1.360727) (R -4.155987 1.250780) (R -3.867069 1.147558) (R -3.567093 1.053548) (R -3.266681 0.958603) (R -2.967376 0.868269) (R -2.667531 0.777846) (R -2.367636 0.687362) (R -2.068061 0.597237) (R -1.771078 0.505858) (R -1.451468 0.406511) (R -1.161888 0.302400) (R -0.874186 0.200396) (R -0.594105 0.089981) (R -0.314691 -0.019822) (R -0.012270 -0.118435) (R 0.286016 -0.218259) (R 0.575596 -0.435495) (R 0.863945 -0.534942) (R 1.142726 -0.634334) (R 1.437004 -0.739631) (R 1.731247 -0.844955) (R 2.023500 -0.947859) (R 2.313080 -1.049044) (R 2.567682 -1.148391) (R 2.856044 -1.246243) (R 3.136875 -1.334537) (R 3.417905 -1.422676) (R 3.706507 -1.521763) (R 3.983756 -1.616544) (R 4.261485 -1.710185) (R 4.539731 -1.802858) (R 4.832168 -1.913569) (R 5.123660 -2.024475) (R 5.420497 -2.136275) (R 5.713554 -2.241213) (R 5.971389 -2.340560) (R 6.255420 -2.430444) (R 6.538874 -2.517327) (R 6.824021 -2.605750) (R 7.109848 -2.693922) (R 7.396143 -2.781947) (R 7.682687 -2.869902) (R 7.970650 -2.962734) (R 8.255462 -3.055655) (R 8.539773 -3.154602) (R 8.816760 -3.251856) (R 9.093342 -3.356029) (R 9.372269 -3.460215) (R 9.651763 -3.565478) (R 9.932594 -3.672550) (R 10.216063 -3.782605) (R 10.505240 -3.882895) (R 10.791576 -3.992571) (R 11.078993 -4.102531) (R 11.367829 -4.212502) (R 11.657865 -4.322486) (R 11.947653 -4.423576) (R 12.237804 -4.526202) (R -12.974301 4.095661);
poly (R -12.726584 4.071264) (R -12.451054 3.971917) (R -12.716387 4.097499) (R -12.421816 3.991511) (R -12.125767 3.881185) (R -12.726584 4.071264);
poly (R -12.740635 4.113126) (R -12.451054 4.131667) (R -12.157340 4.032093) (R -11.855119 3.930400) (R -11.552371 3.826053) (R -11.250907 3.719123) (R -10.950912 3.610268) (R -10.652367 3.500032) (R -10.355183 3.388802) (R -10.062381 3.282804) (R -9.770260 3.176529) (R -9.480202 3.064842) (R -9.194637 2.953848) (R -8.914463 2.843778) (R -8.636406 2.736010) (R -8.359690 2.630460) (R -8.083748 2.526866) (R -7.808228 2.424984) (R -12.740635 4.113126);
poly (R -12.740635 4.254936) (R -12.451054 4.160353) (R -12.158102 4.061005) (R -12.740635 4.254936);
poly (R -12.737263 4.259700) (R -12.481083 4.160353) (R -12.189651 4.062999) (R -11.891848 3.973414) (R -11.596206 3.885283) (R -11.304245 3.792781) (R -11.012967 3.700872) (R -10.723619 3.615026) (R -10.436690 3.526233) (R -10.150778 3.437148) (R -9.864678 3.347169) (R -9.579398 3.256826) (R -9.295298 3.165836) (R -9.008785 3.069655) (R -8.720347 2.970985) (R -8.433761 2.872448) (R -8.146297 2.773136) (R -7.857474 2.673638) (R -7.571946 2.572959) (R -7.285735 2.472102) (R -7.006633 2.366575) (R -6.725816 2.258802) (R -6.443051 2.149368) (R -6.159088 2.039208) (R -5.874605 1.928789) (R -5.589464 1.818283) (R -5.303899 1.707619) (R -5.017855 1.596797) (R -4.731280 1.485823) (R -4.443383 1.378626) (R -4.194590 1.279279) (R -3.909966 1.188695) (R -3.626739 1.099590) (R -3.345195 1.010625) (R -3.064931 0.920543) (R -2.785608 0.829403) (R -2.507235 0.736903) (R -2.230109 0.641482) (R -1.945929 0.542017) (R -1.659667 0.441814) (R -1.372221 0.341203) (R -1.087162 0.237204) (R -0.802907 0.127489) (R -0.515944 0.016767) (R -0.226361 -0.094249) (R 0.066459 -0.206196) (R 0.357812 -0.310279) (R 0.622341 -0.409627) (R 0.909321 -0.498847) (R 1.197622 -0.585753) (R 1.488015 -0.673356) (R 1.780225 -0.761231) (R 2.074317 -0.849711) (R 2.370349 -0.939223) (R 2.670193 -1.029160) (R 2.972831 -1.123709) (R 3.276355 -1.223107) (R 3.579420 -1.326116) (R 3.881541 -1.431651) (R 4.182493 -1.539137) (R 4.481611 -1.646434) (R 4.779854 -1.754678) (R 5.077247 -1.863679) (R 5.373866 -1.973257) (R 5.669812 -2.083267) (R 5.962086 -2.171450) (R 6.254771 -2.259739) (R 6.547937 -2.348176) (R 6.841656 -2.436812) (R 7.136261 -2.523839) (R 7.431550 -2.611171) (R 7.727857 -2.699046) (R 8.025504 -2.787825) (R 8.324730 -2.878034) (R 8.625533 -2.970274) (R 8.923280 -3.065816) (R 9.221335 -3.162129) (R 9.518941 -3.260564) (R 9.816563 -3.360737) (R 10.118239 -3.465286) (R 10.417425 -3.573694) (R 10.714266 -3.684110) (R 11.009483 -3.795439) (R 11.303737 -3.907187) (R 11.597019 -4.017079) (R 11.889254 -4.127282) (R 12.180116 -4.237727) (R 12.469259 -4.348231) (R 12.756602 -4.459121) (R 13.042325 -4.569576) (R 13.326536 -4.679386) (R -12.737263 4.259700);
poly (R -12.739758 4.140139) (R -12.690670 4.181202) (R -12.689190 4.183297) (R -12.690014 4.185493) (R -12.692653 4.189131) (R -12.702244 4.180159) (R -12.702244 4.163057) (R -12.693250 4.164415) (R -12.700164 4.176698) (R -12.702336 4.179723) (R -12.705582 4.183608) (R -12.422040 4.090491) (R -12.138948 3.996909) (R -11.856408 3.901679) (R -11.574136 3.804721) (R -11.294323 3.707168) (R -11.014676 3.608118) (R -10.738636 3.507684) (R -10.462364 3.405579) (R -10.185854 3.302488) (R -9.909197 3.198921) (R -9.622034 3.097279) (R -9.335690 2.995160) (R -9.036000 2.885711) (R -8.737308 2.775348) (R -8.439300 2.664456) (R -8.141604 2.553335) (R -7.840386 2.452203) (R -7.539073 2.351894) (R -12.739758 4.140139);
poly (R -13.326536 3.959386) (R -12.606536 3.959386) (R -12.606536 4.679386) (R -13.326536 3.959386);

